<?xml version="1.0" encoding="UTF-8"?>
<!-- Generated by org.testng.reporters.JUnitReportReporter -->
<testsuite hostname="VDX4791" failures="0" tests="3" name="framework.RegisterUser" time="31.388" errors="0" timestamp="2021-03-26T12:47:01 NZDT" skipped="0">
  <testcase classname="framework.RegisterUser" name="validateRegisterUserPage" time="3.959"/>
  <system-out/>
  <testcase classname="framework.RegisterUser" name="RegisterNewUser" time="16.106"/>
  <system-out/>
  <testcase classname="framework.RegisterUser" name="RegisterNewUser" time="11.323"/>
  <system-out/>
</testsuite> <!-- framework.RegisterUser -->
